c:\users\jackh\projects\unity\sdlengine\x64\debug\vc143.pdb
c:\users\jackh\projects\unity\sdlengine\x64\debug\vc143.idb
c:\users\jackh\projects\unity\sdlengine\x64\debug\math.obj
c:\users\jackh\projects\unity\sdlengine\x64\debug\sprite.obj
c:\users\jackh\projects\unity\sdlengine\x64\debug\main.obj
c:\users\jackh\projects\unity\sdlengine\x64\debug\level.obj
c:\users\jackh\projects\unity\sdlengine\x64\debug\input.obj
c:\users\jackh\projects\unity\sdlengine\x64\debug\graphics.obj
c:\users\jackh\projects\unity\sdlengine\x64\debug\gameobject.obj
c:\users\jackh\projects\unity\sdlengine\x64\debug\game.obj
c:\users\jackh\projects\unity\sdlengine\x64\debug\component.obj
c:\users\jackh\projects\unity\sdlengine\x64\debug\collision.obj
c:\users\jackh\projects\unity\sdlengine\x64\debug\y2s1-sdl-game.ilk
c:\users\jackh\projects\unity\sdlengine\x64\debug\y2s1-sdl-game.exe
c:\users\jackh\projects\unity\sdlengine\x64\debug\y2s1-sdl-game.pdb
c:\users\jackh\projects\unity\sdlengine\x64\debug\y2s1-sdl-game.tlog\cl.command.1.tlog
c:\users\jackh\projects\unity\sdlengine\x64\debug\y2s1-sdl-game.tlog\cl.read.1.tlog
c:\users\jackh\projects\unity\sdlengine\x64\debug\y2s1-sdl-game.tlog\cl.write.1.tlog
c:\users\jackh\projects\unity\sdlengine\x64\debug\y2s1-sdl-game.tlog\link.command.1.tlog
c:\users\jackh\projects\unity\sdlengine\x64\debug\y2s1-sdl-game.tlog\link.read.1.tlog
c:\users\jackh\projects\unity\sdlengine\x64\debug\y2s1-sdl-game.tlog\link.write.1.tlog
