  BoxCollider.cpp
C:\Users\jackh\Projects\Unity\SDLEngine\BoxCollider.cpp(11,25): warning C4244: '=': conversion from 'int' to 'float', possible loss of data
C:\Users\jackh\Projects\Unity\SDLEngine\BoxCollider.cpp(12,25): warning C4244: '=': conversion from 'int' to 'float', possible loss of data
  Collision.cpp
  Component.cpp
  Game.cpp
  GameObject.cpp
  Graphics.cpp
C:\Users\jackh\Projects\Unity\SDLEngine\Graphics.cpp(22,96): warning C4244: 'argument': conversion from 'float' to 'Uint8', possible loss of data
C:\Users\jackh\Projects\Unity\SDLEngine\Graphics.cpp(22,80): warning C4244: 'argument': conversion from 'float' to 'Uint8', possible loss of data
C:\Users\jackh\Projects\Unity\SDLEngine\Graphics.cpp(22,64): warning C4244: 'argument': conversion from 'float' to 'Uint8', possible loss of data
C:\Users\jackh\Projects\Unity\SDLEngine\Graphics.cpp(22,48): warning C4244: 'argument': conversion from 'float' to 'Uint8', possible loss of data
C:\Users\jackh\Projects\Unity\SDLEngine\Graphics.cpp(57,78): warning C4244: 'argument': conversion from 'float' to 'Uint8', possible loss of data
C:\Users\jackh\Projects\Unity\SDLEngine\Graphics.cpp(57,69): warning C4244: 'argument': conversion from 'float' to 'Uint8', possible loss of data
C:\Users\jackh\Projects\Unity\SDLEngine\Graphics.cpp(57,60): warning C4244: 'argument': conversion from 'float' to 'Uint8', possible loss of data
C:\Users\jackh\Projects\Unity\SDLEngine\Graphics.cpp(57,51): warning C4244: 'argument': conversion from 'float' to 'Uint8', possible loss of data
C:\Users\jackh\Projects\Unity\SDLEngine\Graphics.cpp(59,146): warning C4244: 'argument': conversion from 'float' to 'Uint8', possible loss of data
C:\Users\jackh\Projects\Unity\SDLEngine\Graphics.cpp(59,120): warning C4244: 'argument': conversion from 'float' to 'Uint8', possible loss of data
C:\Users\jackh\Projects\Unity\SDLEngine\Graphics.cpp(59,94): warning C4244: 'argument': conversion from 'float' to 'Uint8', possible loss of data
C:\Users\jackh\Projects\Unity\SDLEngine\Graphics.cpp(59,68): warning C4244: 'argument': conversion from 'float' to 'Uint8', possible loss of data
C:\Users\jackh\Projects\Unity\SDLEngine\Graphics.cpp(70,22): error C2131: expression did not evaluate to a constant
C:\Users\jackh\Projects\Unity\SDLEngine\Graphics.cpp(69,35): message : failure was caused by a read of a variable outside its lifetime
C:\Users\jackh\Projects\Unity\SDLEngine\Graphics.cpp(69,35): message : see usage of 'dstCircle'
C:\Users\jackh\Projects\Unity\SDLEngine\Graphics.cpp(84,31): error C3863: array type 'SDL_Point [arrSize]' is not assignable
C:\Users\jackh\Projects\Unity\SDLEngine\Graphics.cpp(85,31): error C3863: array type 'SDL_Point [arrSize]' is not assignable
C:\Users\jackh\Projects\Unity\SDLEngine\Graphics.cpp(86,31): error C3863: array type 'SDL_Point [arrSize]' is not assignable
C:\Users\jackh\Projects\Unity\SDLEngine\Graphics.cpp(87,31): error C3863: array type 'SDL_Point [arrSize]' is not assignable
C:\Users\jackh\Projects\Unity\SDLEngine\Graphics.cpp(88,31): error C3863: array type 'SDL_Point [arrSize]' is not assignable
C:\Users\jackh\Projects\Unity\SDLEngine\Graphics.cpp(89,31): error C3863: array type 'SDL_Point [arrSize]' is not assignable
C:\Users\jackh\Projects\Unity\SDLEngine\Graphics.cpp(90,31): error C3863: array type 'SDL_Point [arrSize]' is not assignable
C:\Users\jackh\Projects\Unity\SDLEngine\Graphics.cpp(91,31): error C3863: array type 'SDL_Point [arrSize]' is not assignable
  Level.cpp
  SDLCommon.cpp
  Sprite.cpp
C:\Users\jackh\Projects\Unity\SDLEngine\Sprite.cpp(12,23): warning C4244: '=': conversion from 'int' to 'float', possible loss of data
C:\Users\jackh\Projects\Unity\SDLEngine\Sprite.cpp(13,23): warning C4244: '=': conversion from 'int' to 'float', possible loss of data
  main.cpp
  Generating Code...
